 1 
 4 
 6 
 8 
 10 
 14 
 17 
 20 
 21 
 22 
 25 
 26 
 29 
 30 
 33 
 37 
 39 
 40 
 44 
 48 
 51 
 55 
 56 
 57 
 64 
 66 
 67 
 72 
 73 
 77 
 82 
 85 
 88 
 90 
 100 
 101 
 106 
 111 
 112 
 115 
 124 
 125 
 127 
 130 
 138 
 139 
 140 
 146 
 147 
 148 
 153 
 158 
 160 
 162 
 165 
 166 
 170 
 171 
 172 
 177 
 178 
 183 
 184 
 185 
 190 
 191 
 196 
 199 
 200 
 203 
 211 
 218 
 224 
 229 
 230 
 231 
 240 
 245 
 248 
 249 
 250 
 253 
 254 
 263 
 264 
 265 
 272 
 274 
 275 
 278 
 281 
 282 
 287 
 288 
 293 
 299 
 303 
 307 
 311 
 316 
 321 
 325 
 329 
 330 
 333 
 334 
 339 
 340 
 356 
 358 
 360 
 370 
 371 
 377 
 378 
 383 
 386 
 392 
 395 
 401 
 407 
 410 
 413 
 414 
 422 
 424 
 425 
 432 
 439 
 443 
 447 
 451 
 452 
 453 
 456 
 464 
 467 
 472 
 473 
 482 
 485 
 486 
 489 
 498 
 502 
 504 
 507 
 508 
 509 
 516 
 520 
 526 
 529 
 533 
 534 
 535 
 543 
 547 
 551 
 552 
 558 
 559 
 564 
 566 
 567 
 576 
 577 
 583 
 584 
 585 
 587 
 592 
 599 
 602 
 606 
 608 
 609 
 610 
 615 
 620 
 624 
 625 
 631 
 637 
 641 
 646 
 651 
 655 
 656 
 661 
 662 
 665 
 666 
 673 
 677 
 692 
 705 
 709 
 713 
 715 
 717 
 718 
 724 
 727 
 728 
 733 
 739 
 740 
 745 
 746 
 754 
 755 
 759 
 761 
 764 
 765 
 766 
 767 
 776 
 778 
 781 
 785 
 788 
 789 
 798 
 799 
 804 
 807 
 810 
 811 
 816 
 819 
 820 
 824 
 828 
 832 
 834 
 835 
 842 
 846 
 849 
 850 
 851 
 854 
 855 
 856 
 858 
 861 
